<?xml version="1.0" encoding="UTF-8"?>
<!-- Generated by org.testng.reporters.JUnitXMLReporter -->
<testsuite hostname="HIMANSHU-SINGH" name="Default test" tests="4" failures="0" timestamp="15 Mar 2020 09:27:49 GMT" time="32.848" errors="0">
  <testcase name="myntraHomePageUrlTest" time="0.019" classname="com.myntra.qa.testcases.MyntraLoginPageTest"/>
  <testcase name="myntraHomePageTitleTest" time="0.016" classname="com.myntra.qa.testcases.MyntraLoginPageTest"/>
  <testcase name="loginTest" time="3.09" classname="com.myntra.qa.testcases.MyntraLoginPageTest"/>
  <testcase name="titleTestAfterLogin" time="0.019" classname="com.myntra.qa.testcases.MyntraLoginPageTest"/>
</testsuite> <!-- Default test -->
